<?xml version="1.0" encoding="UTF-8"?>
<!DOCTYPE score-partwise PUBLIC "-//Recordare//DTD MusicXML 4.0 Partwise//EN" "http://www.musicxml.org/dtds/partwise.dtd">
<score-partwise version="4.0">
  <work>
    <work-title>Online</work-title>
  </work>
  <identification>
    <rights type="music"></rights>
    <encoding>
      <software>Planetbiru</software>
      <encoding-date>2023-10-15</encoding-date>
      <supports element="accidental" type="yes"/>
      <supports element="beam" type="yes"/>
      <supports element="print" type="no" attribute="new-page"/>
      <supports element="print" type="no" attribute="new-system"/>
      <supports element="stem" type="yes"/>
      <encoding-description>This software is not ready for production yet</encoding-description>
      <encoder>music</encoder>
    </encoding>
  </identification>
  <part-list>
    <score-part id="P1">
      <part-name>Acoustic Grand Piano</part-name>
      <part-abbreviation>Pno.</part-abbreviation>
      <score-instrument id="P1-I1">
        <instrument-name>Acoustic Grand Piano</instrument-name>
        <instrument-sound>keyboard.piano</instrument-sound>
      </score-instrument>
      <midi-device id="P1-I1" port="1"></midi-device>
      <midi-instrument id="P1-I1">
        <midi-channel>1</midi-channel>
        <midi-program>1</midi-program>
        <volume>87.4891</volume>
        <pan>0</pan>
      </midi-instrument>
    </score-part>
  </part-list>
  <part id="P1">
    <measure number="1">
      <attributes>
        <divisions>24</divisions>
        <time>
          <beats>4</beats>
          <beat-type>4</beat-type>
        </time>
        <clef>
          <sign>G</sign>
          <line>2</line>
        </clef>
      </attributes>
      <direction placement="above">
        <direction-type>
          <metronome parentheses="no">
            <beat-unit>quarter</beat-unit>
            <per-minute>120</per-minute>
          </metronome>
        </direction-type>
        <sound tempo="120"/>
      </direction>
      <note attack="0" dynamics="141.11" release="12">
        <pitch>
          <step>G</step>
          <octave>3</octave>
        </pitch>
        <duration>12</duration>
        <type>16th</type>
        <notations>
          <articulations>
            <staccato/>
          </articulations>
        </notations>
      </note>
      <note attack="0" release="12">
        <rest/>
        <duration>12</duration>
        <type>16th</type>
      </note>
      <note attack="4" dynamics="141.11" release="16">
        <pitch>
          <step>F</step>
          <alter>1</alter>
          <octave>3</octave>
        </pitch>
        <duration>12</duration>
        <type>16th</type>
        <accidental>sharp</accidental>
        <notations>
          <articulations>
            <staccato/>
          </articulations>
        </notations>
      </note>
      <note attack="6" dynamics="141.11" release="30">
        <pitch>
          <step>G</step>
          <alter>1</alter>
          <octave>3</octave>
        </pitch>
        <duration>24</duration>
        <type>eighth</type>
        <accidental>sharp</accidental>
        <notations>
          <articulations>
            <staccato/>
          </articulations>
        </notations>
      </note>
      <note attack="10" dynamics="141.11" release="46">
        <pitch>
          <step>F</step>
          <alter>1</alter>
          <octave>3</octave>
        </pitch>
        <duration>36</duration>
        <tie type="start"/>
        <type>half</type>
        <accidental>sharp</accidental>
        <notations>
          <tied type="start"/>
          <articulations>
            <staccato/>
          </articulations>
        </notations>
      </note>
      <note attack="10" release="28">
        <rest/>
        <duration>18</duration>
        <type>eighth</type>
      </note>
    </measure>
    <measure number="2">
      <attributes>
        <divisions>24</divisions>
      </attributes>
      <note>
        <pitch>
          <step>F</step>
          <alter>1</alter>
          <octave>3</octave>
        </pitch>
        <duration>72</duration>
        <tie type="stop"/>
        <notations>
          <tied type="stop"/>
        </notations>
      </note>
      <note attack="12" dynamics="141.11" release="24">
        <pitch>
          <step>D</step>
          <alter>1</alter>
          <octave>3</octave>
        </pitch>
        <duration>12</duration>
        <type>16th</type>
        <accidental>sharp</accidental>
        <notations>
          <articulations>
            <staccato/>
          </articulations>
        </notations>
      </note>
      <note attack="14" dynamics="141.11" release="26">
        <pitch>
          <step>E</step>
          <octave>3</octave>
        </pitch>
        <duration>12</duration>
        <type>16th</type>
        <notations>
          <articulations>
            <staccato/>
          </articulations>
        </notations>
      </note>
      <note attack="16" dynamics="141.11" release="28">
        <pitch>
          <step>D</step>
          <alter>1</alter>
          <octave>3</octave>
        </pitch>
        <duration>12</duration>
        <type>16th</type>
        <accidental>sharp</accidental>
        <notations>
          <articulations>
            <staccato/>
          </articulations>
        </notations>
      </note>
      <note attack="18" dynamics="141.11" release="30">
        <pitch>
          <step>D</step>
          <octave>3</octave>
        </pitch>
        <duration>12</duration>
        <type>16th</type>
        <notations>
          <articulations>
            <staccato/>
          </articulations>
        </notations>
      </note>
      <note attack="20" dynamics="141.11" release="32">
        <pitch>
          <step>D</step>
          <octave>3</octave>
        </pitch>
        <duration>12</duration>
        <type>16th</type>
        <notations>
          <articulations>
            <staccato/>
          </articulations>
        </notations>
      </note>
      <note attack="22" dynamics="141.11" release="34">
        <pitch>
          <step>D</step>
          <octave>3</octave>
        </pitch>
        <duration>12</duration>
        <type>16th</type>
        <notations>
          <articulations>
            <staccato/>
          </articulations>
        </notations>
      </note>
      <note attack="24" dynamics="141.11" release="36">
        <pitch>
          <step>C</step>
          <alter>1</alter>
          <octave>3</octave>
        </pitch>
        <duration>12</duration>
        <type>16th</type>
        <accidental>sharp</accidental>
        <notations>
          <articulations>
            <staccato/>
          </articulations>
        </notations>
      </note>
      <note attack="26" dynamics="141.11" release="38">
        <pitch>
          <step>A</step>
          <octave>3</octave>
        </pitch>
        <duration>12</duration>
        <tie type="start"/>
        <type>quarter</type>
        <notations>
          <tied type="start"/>
          <articulations>
            <staccato/>
          </articulations>
        </notations>
      </note>
      <note attack="26" release="38">
        <rest/>
        <duration>12</duration>
        <type>16th</type>
      </note>
    </measure>
    <measure number="3">
      <attributes>
        <divisions>24</divisions>
      </attributes>
      <note>
        <pitch>
          <step>A</step>
          <octave>3</octave>
        </pitch>
        <duration>48</duration>
        <tie type="stop"/>
        <notations>
          <tied type="stop"/>
        </notations>
      </note>
    </measure>
  </part>
</score-partwise>
