<?xml version="1.0" encoding="UTF-8"?>
<!DOCTYPE score-partwise PUBLIC "-//Recordare//DTD MusicXML 4.0 Partwise//EN" "http://www.musicxml.org/dtds/partwise.dtd">
<score-partwise version="4.0">
  <work>
    <work-title>Online</work-title>
  </work>
  <identification>
    <rights type="music"></rights>
    <encoding>
      <software>Planetbiru</software>
      <encoding-date>2023-10-27</encoding-date>
      <supports element="accidental" type="yes"/>
      <supports element="beam" type="yes"/>
      <supports element="print" type="no" attribute="new-page"/>
      <supports element="print" type="no" attribute="new-system"/>
      <supports element="stem" type="yes"/>
      <encoding-description>This software is not ready for production yet</encoding-description>
      <encoder>music</encoder>
    </encoding>
  </identification>
  <part-list>
    <score-part id="P1">
      <part-name>Acoustic Grand Piano</part-name>
      <part-abbreviation>Pno.</part-abbreviation>
      <score-instrument id="P1-I1">
        <instrument-name>Acoustic Grand Piano</instrument-name>
        <instrument-sound>keyboard.piano</instrument-sound>
      </score-instrument>
      <midi-device id="P1-I1" port="1"></midi-device>
      <midi-instrument id="P1-I1">
        <midi-channel>1</midi-channel>
        <midi-program>1</midi-program>
        <volume>87.4891</volume>
        <pan>0</pan>
      </midi-instrument>
    </score-part>
  </part-list>
  <part id="P1">
    <measure number="1">
      <attributes>
        <divisions>2</divisions>
        <time>
          <beats>4</beats>
          <beat-type>4</beat-type>
        </time>
        <clef>
          <sign>F</sign>
          <line>4</line>
        </clef>
      </attributes>
      <direction placement="above">
        <direction-type>
          <metronome parentheses="no">
            <beat-unit>quarter</beat-unit>
            <per-minute>120</per-minute>
          </metronome>
        </direction-type>
        <sound tempo="120"/>
      </direction>
      <note attack="0" dynamics="141.11" release="3">
        <pitch>
          <step>A</step>
          <octave>3</octave>
        </pitch>
        <duration>3</duration>
        <type>quarter</type>
        <notations>
          <articulations>
            <staccato/>
          </articulations>
        </notations>
      </note>
      <note attack="6" dynamics="141.11" release="8">
        <pitch>
          <step>G</step>
          <octave>3</octave>
        </pitch>
        <duration>2</duration>
        <type>eighth</type>
        <notations>
          <articulations>
            <staccato/>
          </articulations>
        </notations>
      </note>
      <note attack="10" dynamics="141.11" release="13">
        <pitch>
          <step>F</step>
          <octave>3</octave>
        </pitch>
        <duration>3</duration>
        <type>quarter</type>
        <notations>
          <articulations>
            <staccato/>
          </articulations>
        </notations>
      </note>
    </measure>
    <measure number="2">
      <attributes>
        <divisions>1</divisions>
      </attributes>
      <note attack="12" dynamics="141.11" release="15">
        <pitch>
          <step>F</step>
          <octave>3</octave>
        </pitch>
        <duration>3</duration>
        <type>half</type>
        <notations>
          <articulations>
            <staccato/>
          </articulations>
        </notations>
      </note>
      <note attack="24" release="25">
        <rest/>
        <duration>1</duration>
        <type>eighth</type>
      </note>
    </measure>
    <measure number="3">
      <attributes>
        <divisions>2</divisions>
      </attributes>
      <note attack="24" dynamics="141.11" release="27">
        <pitch>
          <step>A</step>
          <octave>3</octave>
        </pitch>
        <duration>3</duration>
        <type>quarter</type>
        <notations>
          <articulations>
            <staccato/>
          </articulations>
        </notations>
      </note>
      <note attack="0" release="2">
        <rest/>
        <duration>2</duration>
        <type>eighth</type>
      </note>
      <note attack="34" dynamics="141.11" release="37">
        <pitch>
          <step>F</step>
          <octave>3</octave>
        </pitch>
        <duration>3</duration>
        <type>quarter</type>
        <notations>
          <articulations>
            <staccato/>
          </articulations>
        </notations>
      </note>
    </measure>
    <measure number="4">
      <attributes>
        <divisions>1</divisions>
      </attributes>
      <note attack="36" dynamics="141.11" release="39">
        <pitch>
          <step>G</step>
          <octave>3</octave>
        </pitch>
        <duration>3</duration>
        <type>half</type>
        <notations>
          <articulations>
            <staccato/>
          </articulations>
        </notations>
      </note>
      <note attack="48" release="49">
        <rest/>
        <duration>1</duration>
        <type>eighth</type>
      </note>
    </measure>
    <measure number="5">
      <attributes>
        <divisions>2</divisions>
      </attributes>
      <note attack="48" dynamics="141.11" release="51">
        <pitch>
          <step>A</step>
          <octave>3</octave>
        </pitch>
        <duration>3</duration>
        <type>quarter</type>
        <notations>
          <articulations>
            <staccato/>
          </articulations>
        </notations>
      </note>
      <note attack="54" dynamics="141.11" release="56">
        <pitch>
          <step>G</step>
          <octave>3</octave>
        </pitch>
        <duration>2</duration>
        <type>eighth</type>
        <notations>
          <articulations>
            <staccato/>
          </articulations>
        </notations>
      </note>
      <note attack="58" dynamics="141.11" release="61">
        <pitch>
          <step>F</step>
          <octave>3</octave>
        </pitch>
        <duration>3</duration>
        <type>quarter</type>
        <notations>
          <articulations>
            <staccato/>
          </articulations>
        </notations>
      </note>
    </measure>
    <measure number="6">
      <attributes>
        <divisions>1</divisions>
      </attributes>
      <note attack="60" dynamics="141.11" release="63">
        <pitch>
          <step>F</step>
          <octave>3</octave>
        </pitch>
        <duration>3</duration>
        <type>half</type>
        <notations>
          <articulations>
            <staccato/>
          </articulations>
        </notations>
      </note>
      <note attack="72" release="73">
        <rest/>
        <duration>1</duration>
        <type>eighth</type>
      </note>
    </measure>
    <measure number="7">
      <attributes>
        <divisions>2</divisions>
      </attributes>
      <note attack="72" dynamics="141.11" release="75">
        <pitch>
          <step>A</step>
          <octave>3</octave>
        </pitch>
        <duration>3</duration>
        <type>quarter</type>
        <notations>
          <articulations>
            <staccato/>
          </articulations>
        </notations>
      </note>
      <note attack="78" dynamics="141.11" release="80">
        <pitch>
          <step>G</step>
          <octave>3</octave>
        </pitch>
        <duration>2</duration>
        <type>eighth</type>
        <notations>
          <articulations>
            <staccato/>
          </articulations>
        </notations>
      </note>
      <note attack="82" dynamics="141.11" release="85">
        <pitch>
          <step>F</step>
          <octave>3</octave>
        </pitch>
        <duration>3</duration>
        <type>quarter</type>
        <notations>
          <articulations>
            <staccato/>
          </articulations>
        </notations>
      </note>
    </measure>
    <measure number="8">
      <attributes>
        <divisions>1</divisions>
      </attributes>
      <note attack="84" dynamics="141.11" release="87">
        <pitch>
          <step>G</step>
          <octave>3</octave>
        </pitch>
        <duration>3</duration>
        <type>half</type>
        <notations>
          <articulations>
            <staccato/>
          </articulations>
        </notations>
      </note>
      <note attack="96" release="97">
        <rest/>
        <duration>1</duration>
        <type>eighth</type>
      </note>
    </measure>
    <measure number="9">
      <attributes>
        <divisions>2</divisions>
      </attributes>
      <note attack="96" dynamics="141.11" release="99">
        <pitch>
          <step>A</step>
          <octave>3</octave>
        </pitch>
        <duration>3</duration>
        <type>quarter</type>
        <notations>
          <articulations>
            <staccato/>
          </articulations>
        </notations>
      </note>
      <note attack="102" dynamics="141.11" release="104">
        <pitch>
          <step>G</step>
          <octave>3</octave>
        </pitch>
        <duration>2</duration>
        <type>eighth</type>
        <notations>
          <articulations>
            <staccato/>
          </articulations>
        </notations>
      </note>
      <note attack="106" dynamics="141.11" release="109">
        <pitch>
          <step>F</step>
          <octave>3</octave>
        </pitch>
        <duration>3</duration>
        <type>quarter</type>
        <notations>
          <articulations>
            <staccato/>
          </articulations>
        </notations>
      </note>
    </measure>
    <measure number="10">
      <attributes>
        <divisions>1</divisions>
      </attributes>
      <note attack="108" dynamics="141.11" release="111">
        <pitch>
          <step>A</step>
          <alter>1</alter>
          <octave>3</octave>
        </pitch>
        <duration>3</duration>
        <type>half</type>
        <accidental>sharp</accidental>
        <notations>
          <articulations>
            <staccato/>
          </articulations>
        </notations>
      </note>
      <note attack="120" release="121">
        <rest/>
        <duration>1</duration>
        <type>eighth</type>
      </note>
    </measure>
    <measure number="11">
      <attributes>
        <divisions>2</divisions>
      </attributes>
      <note attack="120" dynamics="141.11" release="123">
        <pitch>
          <step>A</step>
          <alter>1</alter>
          <octave>3</octave>
        </pitch>
        <duration>3</duration>
        <type>quarter</type>
        <accidental>sharp</accidental>
        <notations>
          <articulations>
            <staccato/>
          </articulations>
        </notations>
      </note>
      <note attack="126" dynamics="141.11" release="128">
        <pitch>
          <step>A</step>
          <octave>3</octave>
        </pitch>
        <duration>2</duration>
        <type>eighth</type>
        <notations>
          <articulations>
            <staccato/>
          </articulations>
        </notations>
      </note>
      <note attack="130" dynamics="141.11" release="133">
        <pitch>
          <step>G</step>
          <octave>3</octave>
        </pitch>
        <duration>3</duration>
        <type>quarter</type>
        <notations>
          <articulations>
            <staccato/>
          </articulations>
        </notations>
      </note>
    </measure>
    <measure number="12">
      <attributes>
        <divisions>1</divisions>
      </attributes>
      <note attack="132" dynamics="141.11" release="135">
        <pitch>
          <step>F</step>
          <octave>3</octave>
        </pitch>
        <duration>3</duration>
        <type>half</type>
        <notations>
          <articulations>
            <staccato/>
          </articulations>
        </notations>
      </note>
      <note attack="144" release="145">
        <rest/>
        <duration>1</duration>
        <type>eighth</type>
      </note>
    </measure>
    <measure number="13">
      <attributes>
        <divisions>2</divisions>
      </attributes>
      <note attack="144" dynamics="141.11" release="147">
        <pitch>
          <step>A</step>
          <octave>3</octave>
        </pitch>
        <duration>3</duration>
        <type>quarter</type>
        <notations>
          <articulations>
            <staccato/>
          </articulations>
        </notations>
      </note>
      <note attack="150" dynamics="141.11" release="152">
        <pitch>
          <step>G</step>
          <octave>3</octave>
        </pitch>
        <duration>2</duration>
        <type>eighth</type>
        <notations>
          <articulations>
            <staccato/>
          </articulations>
        </notations>
      </note>
      <note attack="154" dynamics="141.11" release="157">
        <pitch>
          <step>F</step>
          <octave>3</octave>
        </pitch>
        <duration>3</duration>
        <type>quarter</type>
        <notations>
          <articulations>
            <staccato/>
          </articulations>
        </notations>
      </note>
    </measure>
    <measure number="14">
      <attributes>
        <divisions>1</divisions>
      </attributes>
      <note attack="156" dynamics="141.11" release="159">
        <pitch>
          <step>G</step>
          <octave>3</octave>
        </pitch>
        <duration>3</duration>
        <type>half</type>
        <notations>
          <articulations>
            <staccato/>
          </articulations>
        </notations>
      </note>
      <note attack="168" release="169">
        <rest/>
        <duration>1</duration>
        <type>eighth</type>
      </note>
    </measure>
    <measure number="15">
      <attributes>
        <divisions>2</divisions>
      </attributes>
      <note attack="168" dynamics="141.11" release="171">
        <pitch>
          <step>A</step>
          <octave>3</octave>
        </pitch>
        <duration>3</duration>
        <type>quarter</type>
        <notations>
          <articulations>
            <staccato/>
          </articulations>
        </notations>
      </note>
      <note attack="174" dynamics="141.11" release="176">
        <pitch>
          <step>G</step>
          <octave>3</octave>
        </pitch>
        <duration>2</duration>
        <type>eighth</type>
        <notations>
          <articulations>
            <staccato/>
          </articulations>
        </notations>
      </note>
      <note attack="178" dynamics="141.11" release="181">
        <pitch>
          <step>F</step>
          <octave>3</octave>
        </pitch>
        <duration>3</duration>
        <type>quarter</type>
        <notations>
          <articulations>
            <staccato/>
          </articulations>
        </notations>
      </note>
    </measure>
    <measure number="16">
      <attributes>
        <divisions>1</divisions>
      </attributes>
      <note attack="180" dynamics="141.11" release="183">
        <pitch>
          <step>F</step>
          <octave>3</octave>
        </pitch>
        <duration>3</duration>
        <type>half</type>
        <notations>
          <articulations>
            <staccato/>
          </articulations>
        </notations>
      </note>
      <note attack="192" release="193">
        <rest/>
        <duration>1</duration>
        <type>eighth</type>
      </note>
    </measure>
  </part>
</score-partwise>
